Using the default profile...
Feature: Smoky

  Background: [90m                    # /Users/ova/RubymineProjects/Miracle/features/logged_smoky.feature:2[0m
    [32mGiven Visitor is at [32m[1mOuteast[0m[0m[32m[90m   # features/step_definitions/user_steps.rb:5[0m[0m
    [32mAnd [32m[1mVisitor[0m[0m[32m is logged as user[90m # features/step_definitions/steps_header_search.rb:17[0m[0m

  Scenario: Save Search[90m              # /Users/ova/RubymineProjects/Miracle/features/logged_smoky.feature:6[0m
    [32mThen [32m[1mUser[0m[0m[32m on Rentals page[90m        # features/step_definitions/guest_smoky.rb:349[0m[0m
      #    And I am registered
    [32mThen [32m[1mUser[0m[0m[32m selects town "[32m[1mLaurel[0m[0m[32m"[90m  # features/step_definitions/guest_smoky.rb:30[0m[0m
    [32mThen [32m[1mUser[0m[0m[32m clicks SEE RESULTS[90m     # features/step_definitions/guest_smoky.rb:279[0m[0m
    [32mThen [32m[1mUser[0m[0m[32m clicks Save Search[90m     # features/step_definitions/guest_smoky.rb:356[0m[0m
    [32mAnd [32m[1mUser[0m[0m[32m should see SAVED search[90m # features/step_definitions/guest_smoky.rb:485[0m[0m
    [32mThen [32m[1mUser[0m[0m[32m clicks SAVED[90m           # features/step_definitions/guest_smoky.rb:490[0m[0m
    [32mAnd [32m[1mUser[0m[0m[32m should see SAVE search[90m  # features/step_definitions/guest_smoky.rb:493[0m[0m

  Scenario: Save listing[90m                                    # /Users/ova/RubymineProjects/Miracle/features/logged_smoky.feature:16[0m
    [32mWhen [32m[1mUser[0m[0m[32m on Rentals page[90m                               # features/step_definitions/guest_smoky.rb:349[0m[0m
    [32mThen [32m[1mUser[0m[0m[32m clicks "[32m[1mSAVE[0m[0m[32m" listing, and should see "[32m[1mSAVED[0m[0m[32m"[90m # features/step_definitions/guest_smoky.rb:577[0m[0m
      [36mSAVED[0m
    [32mThen [32m[1mUser[0m[0m[32m clicks "[32m[1mSAVED[0m[0m[32m" listing, and should see "[32m[1mSAVE[0m[0m[32m"[90m # features/step_definitions/guest_smoky.rb:577[0m[0m
      [36mSAVE[0m

  Scenario: Save/HDP[90m                      # /Users/ova/RubymineProjects/Miracle/features/logged_smoky.feature:21[0m
    [32mWhen [32m[1mUser[0m[0m[32m on Sales page[90m               # features/step_definitions/guest_smoky.rb:275[0m[0m
    [32mThen [32m[1mUser[0m[0m[32m clicks any listing[90m          # features/step_definitions/guest_smoky.rb:569[0m[0m
    [32mThen [32m[1mUser[0m[0m[32m clicks Save[90m                 # features/step_definitions/guest_smoky.rb:377[0m[0m
    [32mAnd [32m[1mUser[0m[0m[32m should see saved listing hdp[90m # features/step_definitions/guest_smoky.rb:498[0m[0m
    [32mThen [32m[1mUser[0m[0m[32m clicks SAVED hdp[90m            # features/step_definitions/guest_smoky.rb:501[0m[0m
    [32mAnd [32m[1mUser[0m[0m[32m should see save listing[90m      # features/step_definitions/guest_smoky.rb:505[0m[0m

  Scenario: Agent page click listing[90m # /Users/ova/RubymineProjects/Miracle/features/logged_smoky.feature:29[0m
    [32mWhen [32m[1mUser[0m[0m[32m on Agent page[90m          # features/step_definitions/guest_smoky.rb:521[0m[0m
    [32mThen [32m[1mUser[0m[0m[32m clicks any listing[90m     # features/step_definitions/guest_smoky.rb:569[0m[0m
    [32mAnd [32m[1mUser[0m[0m[32m should see HDP[90m          # features/step_definitions/guest_smoky.rb:574[0m[0m

  Scenario: Agent page save listing[90m                         # /Users/ova/RubymineProjects/Miracle/features/logged_smoky.feature:34[0m
    [32mWhen [32m[1mUser[0m[0m[32m on Agent page[90m                                 # features/step_definitions/guest_smoky.rb:521[0m[0m
      #    Then I am registered
    [32mThen [32m[1mUser[0m[0m[32m clicks "[32m[1mSAVE[0m[0m[32m" listing, and should see "[32m[1mSAVED[0m[0m[32m"[90m # features/step_definitions/guest_smoky.rb:577[0m[0m
      [36mSAVED[0m
    [32mAnd [32m[1mUser[0m[0m[32m should see "[32m[1mSAVED preview[0m[0m[32m" on the map[90m          # features/step_definitions/guest_smoky.rb:592[0m[0m
    [32mThen [32m[1mUser[0m[0m[32m clicks "[32m[1mSAVED[0m[0m[32m" listing, and should see "[32m[1mSAVE[0m[0m[32m"[90m # features/step_definitions/guest_smoky.rb:577[0m[0m
      [36mSAVE[0m

  Scenario: Agent page save preview[90m                         # /Users/ova/RubymineProjects/Miracle/features/logged_smoky.feature:41[0m
    [32mWhen [32m[1mUser[0m[0m[32m on Agent page[90m                                 # features/step_definitions/guest_smoky.rb:521[0m[0m
    [32mThen [32m[1mUser[0m[0m[32m clicks "[32m[1mSAVE[0m[0m[32m" listing, and should see "[32m[1mSAVED[0m[0m[32m"[90m # features/step_definitions/guest_smoky.rb:577[0m[0m
      [36mSAVED[0m
    [32mAnd [32m[1mUser[0m[0m[32m should see "[32m[1mSAVED preview[0m[0m[32m" on the map[90m          # features/step_definitions/guest_smoky.rb:592[0m[0m
    [32mThen [32m[1mUser[0m[0m[32m clicks "SAVED preview" preview on the map[90m     # features/step_definitions/guest_smoky.rb:598[0m[0m
    [32mAnd [32m[1mUser[0m[0m[32m should see "[32m[1mSAVE preview[0m[0m[32m" on the map[90m           # features/step_definitions/guest_smoky.rb:592[0m[0m

  Scenario: Agent page, direct from preview[90m                 # /Users/ova/RubymineProjects/Miracle/features/logged_smoky.feature:48[0m
    [32mWhen [32m[1mUser[0m[0m[32m on Agent page[90m                                 # features/step_definitions/guest_smoky.rb:521[0m[0m
    [32mThen [32m[1mUser[0m[0m[32m clicks "[32m[1mSAVE[0m[0m[32m" listing, and should see "[32m[1mSAVED[0m[0m[32m"[90m # features/step_definitions/guest_smoky.rb:577[0m[0m
      [36mSAVED[0m
    [32mThen [32m[1mUser[0m[0m[32m clicks review on the map[90m                      # features/step_definitions/guest_smoky.rb:604[0m[0m
    [32mAnd [32m[1mUser[0m[0m[32m should see HDP[90m                                 # features/step_definitions/guest_smoky.rb:574[0m[0m

7 scenarios ([32m7 passed[0m)
46 steps ([32m46 passed[0m)
2m28.857s
